<?xml version="1.0" encoding="UTF-8"?>
<testsuite name="FizzTest" tests="1" skipped="0" failures="0" errors="0" timestamp="2017-11-07T23:25:21" hostname="DESKTOP-40MITPI" time="0.001">
  <properties/>
  <testcase name="test1" classname="FizzTest" time="0.001"/>
  <system-out><![CDATA[]]></system-out>
  <system-err><![CDATA[]]></system-err>
</testsuite>
